Using pre-set license
Built from '2020.2/staging' branch; Version is '2020.2.7f1 (c53830e277f1) revision 12924976'; Using compiler version '192528614'; Build Type 'Release'
OS: 'Windows 10 Home; OS build 19042.804; Version 2009; 64bit' Language: 'it' Physical Memory: 16238 MB
BatchMode: 1, IsHumanControllingUs: 0, StartBugReporterOnCrash: 0, Is64bit: 1, IsPro: 0

 COMMAND LINE ARGUMENTS:
C:\Program Files\Unity\Hub\Editor\2020.2.7f1\Editor\Unity.exe
-adb2
-batchMode
-noUpm
-name
AssetImportWorker0
-projectPath
C:/PROGETTIUNITY/ARLab/GameLab_AR_Unity
-logFile
Logs/AssetImportWorker0.log
-srvPort
50543
Successfully changed project path to: C:/PROGETTIUNITY/ARLab/GameLab_AR_Unity
C:/PROGETTIUNITY/ARLab/GameLab_AR_Unity
Using Asset Import Pipeline V2.
Refreshing native plugins compatible for Editor in 37.91 ms, found 0 plugins.
Preloading 0 native plugins for Editor in 0.00 ms.
Initialize engine version: 2020.2.7f1 (c53830e277f1)
[Subsystems] Discovering subsystems at path C:/Program Files/Unity/Hub/Editor/2020.2.7f1/Editor/Data/Resources/UnitySubsystems
[Subsystems] Discovering subsystems at path C:/PROGETTIUNITY/ARLab/GameLab_AR_Unity/Assets
GfxDevice: creating device client; threaded=0
Direct3D:
    Version:  Direct3D 11.0 [level 11.1]
    Renderer: NVIDIA GeForce GTX 1050 Ti (ID=0x1c8c)
    Vendor:   
    VRAM:     4021 MB
    Driver:   27.21.14.6109
Initialize mono
Mono path[0] = 'C:/Program Files/Unity/Hub/Editor/2020.2.7f1/Editor/Data/Managed'
Mono path[1] = 'C:/Program Files/Unity/Hub/Editor/2020.2.7f1/Editor/Data/MonoBleedingEdge/lib/mono/unityjit'
Mono config path = 'C:/Program Files/Unity/Hub/Editor/2020.2.7f1/Editor/Data/MonoBleedingEdge/etc'
Using monoOptions --debugger-agent=transport=dt_socket,embedding=1,server=y,suspend=n,address=127.0.0.1:56940
Begin MonoManager ReloadAssembly
Registering precompiled unity dll's ...
Register platform support module: C:/Program Files/Unity/Hub/Editor/2020.2.7f1/Editor/Data/PlaybackEngines/WindowsStandaloneSupport/UnityEditor.WindowsStandalone.Extensions.dll
Registered in 0.001803 seconds.
Native extension for WindowsStandalone target not found
Refreshing native plugins compatible for Editor in 33.85 ms, found 0 plugins.
Preloading 0 native plugins for Editor in 0.00 ms.
Invoked RoslynAnalysisRunner static constructor.
RoslynAnalysisRunner will not be running.
RoslynAnalysisRunner has terminated.
Mono: successfully reloaded assembly
- Completed reload, in  1.562 seconds
Platform modules already initialized, skipping
Registering precompiled user dll's ...
Registered in 0.000763 seconds.
Begin MonoManager ReloadAssembly
Native extension for WindowsStandalone target not found
Refreshing native plugins compatible for Editor in 35.30 ms, found 0 plugins.
Preloading 0 native plugins for Editor in 0.00 ms.
Invoked RoslynAnalysisRunner static constructor.
RoslynAnalysisRunner will not be running.
RoslynAnalysisRunner has terminated.
Mono: successfully reloaded assembly
- Completed reload, in  0.859 seconds
Platform modules already initialized, skipping
========================================================================
Worker process is ready to serve import requests
Launched and connected shader compiler UnityShaderCompiler.exe after 0.05 seconds
Refreshing native plugins compatible for Editor in 0.49 ms, found 0 plugins.
Preloading 0 native plugins for Editor in 0.00 ms.
Unloading 2031 Unused Serialized files (Serialized files now loaded: 0)
System memory in use before: 91.2 MB.
System memory in use after: 91.3 MB.

Unloading 21 unused Assets to reduce memory usage. Loaded Objects now: 2466.
Total: 2.670200 ms (FindLiveObjects: 0.260000 ms CreateObjectMapping: 0.288800 ms MarkObjects: 2.013500 ms  DeleteObjects: 0.107200 ms)

========================================================================
Received Import Request.
  path: Assets/demo_test
  artifactKey: Guid(8df193101f9ea4956951beebf1b8c67d) Importer(815301076,1909f56bfc062723c751e8b465ee728b)
Start importing Assets/demo_test using Guid(8df193101f9ea4956951beebf1b8c67d) Importer(815301076,1909f56bfc062723c751e8b465ee728b)  -> (artifact id: '5ebda415c5639df339315dc755874f6b') in 0.008497 seconds
  Import took 0.011641 seconds .

========================================================================
Received Import Request.
  Time since last request: 4.796380 seconds.
  path: Assets/demo_test/my_test.unity
  artifactKey: Guid(e7e53e4f4093848368c3890e1a94e404) Importer(815301076,1909f56bfc062723c751e8b465ee728b)
Start importing Assets/demo_test/my_test.unity using Guid(e7e53e4f4093848368c3890e1a94e404) Importer(815301076,1909f56bfc062723c751e8b465ee728b)  -> (artifact id: 'bf3d3cf97313238193f3c54a748e27e0') in 0.018013 seconds
  Import took 0.021718 seconds .

========================================================================
Received Import Request.
  Time since last request: 14.951029 seconds.
  path: Assets/demo_test/SpawnableManager.cs
  artifactKey: Guid(d2d5caac9d50746e6aaa6ad67392613f) Importer(815301076,1909f56bfc062723c751e8b465ee728b)
Start importing Assets/demo_test/SpawnableManager.cs using Guid(d2d5caac9d50746e6aaa6ad67392613f) Importer(815301076,1909f56bfc062723c751e8b465ee728b)  -> (artifact id: 'db9fa291b08c14f814f3992cba6cac57') in 0.038353 seconds
  Import took 0.041720 seconds .

========================================================================
Received Import Request.
  Time since last request: 4.358301 seconds.
  path: Assets/Packages/Lean/Common/Extras/LeanSpawn.cs
  artifactKey: Guid(3bb775feca211c748b48cd3f9b59a4cf) Importer(815301076,1909f56bfc062723c751e8b465ee728b)
Start importing Assets/Packages/Lean/Common/Extras/LeanSpawn.cs using Guid(3bb775feca211c748b48cd3f9b59a4cf) Importer(815301076,1909f56bfc062723c751e8b465ee728b)  -> (artifact id: '95ef4267b7f028f7482b71043f3f5f74') in 0.008001 seconds
  Import took 0.011721 seconds .

========================================================================
Received Import Request.
  Time since last request: 1.041660 seconds.
  path: Assets/Packages/Lean/Touch/Examples/08    Spawn.unity
  artifactKey: Guid(935b453473865f3458f13d20bc896092) Importer(815301076,1909f56bfc062723c751e8b465ee728b)
Start importing Assets/Packages/Lean/Touch/Examples/08    Spawn.unity using Guid(935b453473865f3458f13d20bc896092) Importer(815301076,1909f56bfc062723c751e8b465ee728b)  -> (artifact id: 'bc8e9d3a83eccb27f4d64b3c9db1a256') in 0.007475 seconds
  Import took 0.011458 seconds .

========================================================================
Received Import Request.
  Time since last request: 0.000429 seconds.
  path: Assets/Packages/Lean/Touch/Examples/08    Spawn.unity
  artifactKey: Guid(935b453473865f3458f13d20bc896092) Importer(815301076,1909f56bfc062723c751e8b465ee728b)
Start importing Assets/Packages/Lean/Touch/Examples/08    Spawn.unity using Guid(935b453473865f3458f13d20bc896092) Importer(815301076,1909f56bfc062723c751e8b465ee728b)  -> (artifact id: 'bc8e9d3a83eccb27f4d64b3c9db1a256') in 0.004549 seconds
  Import took 0.007965 seconds .

========================================================================
Received Import Request.
  Time since last request: 201.323945 seconds.
  path: Assets
  artifactKey: Guid(00000000000000001000000000000000) Importer(815301076,1909f56bfc062723c751e8b465ee728b)
Start importing Assets using Guid(00000000000000001000000000000000) Importer(815301076,1909f56bfc062723c751e8b465ee728b)  -> (artifact id: 'f89434ac489deb914593f829e0a47671') in 0.009905 seconds
  Import took 0.013915 seconds .

========================================================================
Received Import Request.
  Time since last request: 5.042231 seconds.
  path: Assets/myPrefabs
  artifactKey: Guid(9230c49977280a245a80c5215bfeeb5f) Importer(815301076,1909f56bfc062723c751e8b465ee728b)
Start importing Assets/myPrefabs using Guid(9230c49977280a245a80c5215bfeeb5f) Importer(815301076,1909f56bfc062723c751e8b465ee728b)  -> (artifact id: 'c8faeecc2b4b9645ea8a12ac53cdf2f3') in 0.010486 seconds
  Import took 0.014140 seconds .

========================================================================
Received Import Request.
  Time since last request: 2.897291 seconds.
  path: Assets/myPrefabs/Sphere.prefab
  artifactKey: Guid(fb1e57ca00cbc3e46942ca16dd85fe46) Importer(815301076,1909f56bfc062723c751e8b465ee728b)
Start importing Assets/myPrefabs/Sphere.prefab using Guid(fb1e57ca00cbc3e46942ca16dd85fe46) Importer(815301076,1909f56bfc062723c751e8b465ee728b)  -> (artifact id: '728075ca08cbf8e6ca7857ce5ebd7d76') in 0.089580 seconds
  Import took 0.093085 seconds .

========================================================================
Received Prepare
Refreshing native plugins compatible for Editor in 4.33 ms, found 0 plugins.
Preloading 0 native plugins for Editor in 0.00 ms.
Unloading 12 Unused Serialized files (Serialized files now loaded: 0)
System memory in use before: 52.3 MB.
System memory in use after: 52.5 MB.

Unloading 12 unused Assets to reduce memory usage. Loaded Objects now: 2475.
Total: 2.662500 ms (FindLiveObjects: 0.206300 ms CreateObjectMapping: 0.080100 ms MarkObjects: 2.355400 ms  DeleteObjects: 0.019200 ms)

========================================================================
Received Prepare
Registering precompiled user dll's ...
Registered in 0.000794 seconds.
Begin MonoManager ReloadAssembly
Native extension for WindowsStandalone target not found
Refreshing native plugins compatible for Editor in 0.52 ms, found 0 plugins.
Preloading 0 native plugins for Editor in 0.00 ms.
Invoked RoslynAnalysisRunner static constructor.
RoslynAnalysisRunner will not be running.
RoslynAnalysisRunner has terminated.
Mono: successfully reloaded assembly
- Completed reload, in  1.008 seconds
Platform modules already initialized, skipping
Switching build target platform(5) subTarget(0) extendedPlatform(0) -> platform(13) subTarget(589824) extendedPlatform(0)
Refreshing native plugins compatible for Editor in 0.50 ms, found 0 plugins.
Preloading 0 native plugins for Editor in 0.00 ms.
Unloading 1992 Unused Serialized files (Serialized files now loaded: 0)
System memory in use before: 91.2 MB.
System memory in use after: 91.3 MB.

Unloading 14 unused Assets to reduce memory usage. Loaded Objects now: 2479.
Total: 3.707700 ms (FindLiveObjects: 0.429000 ms CreateObjectMapping: 0.183800 ms MarkObjects: 3.057500 ms  DeleteObjects: 0.034300 ms)

AssetImportParameters requested are different than current active one (requested -> active):
  custom:graphics/normal-map-encoding: 01000000000000000000000000000000 -> 02000000000000000000000000000000
========================================================================
Received Prepare
Refreshing native plugins compatible for Editor in 2.91 ms, found 0 plugins.
Preloading 0 native plugins for Editor in 0.00 ms.
Unloading 11 Unused Serialized files (Serialized files now loaded: 0)
System memory in use before: 52.3 MB.
System memory in use after: 52.4 MB.

Unloading 11 unused Assets to reduce memory usage. Loaded Objects now: 2479.
Total: 2.160300 ms (FindLiveObjects: 0.302200 ms CreateObjectMapping: 0.100300 ms MarkObjects: 1.741900 ms  DeleteObjects: 0.014800 ms)

========================================================================
Received Prepare
Refreshing native plugins compatible for Editor in 2.84 ms, found 0 plugins.
Preloading 0 native plugins for Editor in 0.00 ms.
Unloading 11 Unused Serialized files (Serialized files now loaded: 0)
System memory in use before: 52.3 MB.
System memory in use after: 52.4 MB.

Unloading 11 unused Assets to reduce memory usage. Loaded Objects now: 2479.
Total: 2.426300 ms (FindLiveObjects: 0.286800 ms CreateObjectMapping: 0.079400 ms MarkObjects: 2.043500 ms  DeleteObjects: 0.015200 ms)

========================================================================
Received Import Request.
  Time since last request: 1588.576596 seconds.
  path: Assets/XR-samples/Prefabs/ManipulatorCube.prefab
  artifactKey: Guid(ded51c8ee147a48818b28707c73de793) Importer(815301076,1909f56bfc062723c751e8b465ee728b)
Start importing Assets/XR-samples/Prefabs/ManipulatorCube.prefab using Guid(ded51c8ee147a48818b28707c73de793) Importer(815301076,1909f56bfc062723c751e8b465ee728b)  -> (artifact id: 'aba801b1fdc4243488777cfa43a5ff33') in 0.159971 seconds
  Import took 0.163917 seconds .

========================================================================
Received Import Request.
  Time since last request: 18.567035 seconds.
  path: Assets/XR-samples/Prefabs
  artifactKey: Guid(925f0f341b230425783396c8d5a87e08) Importer(815301076,1909f56bfc062723c751e8b465ee728b)
Start importing Assets/XR-samples/Prefabs using Guid(925f0f341b230425783396c8d5a87e08) Importer(815301076,1909f56bfc062723c751e8b465ee728b)  -> (artifact id: '3c158f7878d6e06d6c375eaf3f2ff47f') in 0.009491 seconds
  Import took 0.015303 seconds .

========================================================================
Received Prepare
Refreshing native plugins compatible for Editor in 2.96 ms, found 0 plugins.
Preloading 0 native plugins for Editor in 0.00 ms.
Unloading 11 Unused Serialized files (Serialized files now loaded: 0)
System memory in use before: 55.4 MB.
System memory in use after: 55.5 MB.

Unloading 12 unused Assets to reduce memory usage. Loaded Objects now: 2481.
Total: 2.970500 ms (FindLiveObjects: 0.292900 ms CreateObjectMapping: 0.098600 ms MarkObjects: 2.518700 ms  DeleteObjects: 0.058600 ms)

========================================================================
Received Import Request.
  Time since last request: 316.581129 seconds.
  path: Assets/myPrefabs/Sphere.prefab
  artifactKey: Guid(fb1e57ca00cbc3e46942ca16dd85fe46) Importer(815301076,1909f56bfc062723c751e8b465ee728b)
Start importing Assets/myPrefabs/Sphere.prefab using Guid(fb1e57ca00cbc3e46942ca16dd85fe46) Importer(815301076,1909f56bfc062723c751e8b465ee728b)  -> (artifact id: 'f443bb5e689019e33e42b664d1b50a87') in 0.025257 seconds
  Import took 0.030875 seconds .

========================================================================
Received Import Request.
  Time since last request: 0.678067 seconds.
  path: Assets/myPrefabs/Sphere.prefab
  artifactKey: Guid(fb1e57ca00cbc3e46942ca16dd85fe46) Importer(815301076,1909f56bfc062723c751e8b465ee728b)
Start importing Assets/myPrefabs/Sphere.prefab using Guid(fb1e57ca00cbc3e46942ca16dd85fe46) Importer(815301076,1909f56bfc062723c751e8b465ee728b)  -> (artifact id: '323f1c56ffebd8a9355c89e56d304328') in 0.018236 seconds
  Import took 0.022863 seconds .

========================================================================
Received Import Request.
  Time since last request: 3.725740 seconds.
  path: Assets/myPrefabs/Sphere.prefab
  artifactKey: Guid(fb1e57ca00cbc3e46942ca16dd85fe46) Importer(815301076,1909f56bfc062723c751e8b465ee728b)
Start importing Assets/myPrefabs/Sphere.prefab using Guid(fb1e57ca00cbc3e46942ca16dd85fe46) Importer(815301076,1909f56bfc062723c751e8b465ee728b)  -> (artifact id: 'e17e4970b3a6ddefdca1848ce4ac881d') in 0.019387 seconds
  Import took 0.024710 seconds .

========================================================================
Received Import Request.
  Time since last request: 2.712606 seconds.
  path: Assets/myPrefabs/Sphere.prefab
  artifactKey: Guid(fb1e57ca00cbc3e46942ca16dd85fe46) Importer(815301076,1909f56bfc062723c751e8b465ee728b)
Start importing Assets/myPrefabs/Sphere.prefab using Guid(fb1e57ca00cbc3e46942ca16dd85fe46) Importer(815301076,1909f56bfc062723c751e8b465ee728b)  -> (artifact id: '28728a82e8837212a6aa7261e637ceec') in 0.023086 seconds
  Import took 0.028482 seconds .

========================================================================
Received Import Request.
  Time since last request: 0.493175 seconds.
  path: Assets/myPrefabs/Sphere.prefab
  artifactKey: Guid(fb1e57ca00cbc3e46942ca16dd85fe46) Importer(815301076,1909f56bfc062723c751e8b465ee728b)
Start importing Assets/myPrefabs/Sphere.prefab using Guid(fb1e57ca00cbc3e46942ca16dd85fe46) Importer(815301076,1909f56bfc062723c751e8b465ee728b)  -> (artifact id: '9820dff7aede1bcc0de8f2c1e7d8e7d7') in 0.016942 seconds
  Import took 0.022555 seconds .

========================================================================
Received Import Request.
  Time since last request: 0.011365 seconds.
  path: Assets/myPrefabs/Sphere.prefab
  artifactKey: Guid(fb1e57ca00cbc3e46942ca16dd85fe46) Importer(815301076,1909f56bfc062723c751e8b465ee728b)
Start importing Assets/myPrefabs/Sphere.prefab using Guid(fb1e57ca00cbc3e46942ca16dd85fe46) Importer(815301076,1909f56bfc062723c751e8b465ee728b)  -> (artifact id: '9820dff7aede1bcc0de8f2c1e7d8e7d7') in 0.008946 seconds
  Import took 0.012982 seconds .

========================================================================
Received Import Request.
  Time since last request: 0.676244 seconds.
  path: Assets/myPrefabs/Sphere.prefab
  artifactKey: Guid(fb1e57ca00cbc3e46942ca16dd85fe46) Importer(815301076,1909f56bfc062723c751e8b465ee728b)
Start importing Assets/myPrefabs/Sphere.prefab using Guid(fb1e57ca00cbc3e46942ca16dd85fe46) Importer(815301076,1909f56bfc062723c751e8b465ee728b)  -> (artifact id: '98af211329efafa2ae5577dc14c829b5') in 0.012096 seconds
  Import took 0.015911 seconds .

========================================================================
Received Prepare
Refreshing native plugins compatible for Editor in 2.85 ms, found 0 plugins.
Preloading 0 native plugins for Editor in 0.00 ms.
Unloading 11 Unused Serialized files (Serialized files now loaded: 0)
System memory in use before: 55.4 MB.
System memory in use after: 55.5 MB.

Unloading 12 unused Assets to reduce memory usage. Loaded Objects now: 2481.
Total: 2.629200 ms (FindLiveObjects: 0.284700 ms CreateObjectMapping: 0.119800 ms MarkObjects: 2.172000 ms  DeleteObjects: 0.051800 ms)

========================================================================
Received Import Request.
  Time since last request: 371.381820 seconds.
  path: Assets/Sphere.prefab
  artifactKey: Guid(7eb5626de48c757469dba9a0cf52a92c) Importer(815301076,1909f56bfc062723c751e8b465ee728b)
Start importing Assets/Sphere.prefab using Guid(7eb5626de48c757469dba9a0cf52a92c) Importer(815301076,1909f56bfc062723c751e8b465ee728b)  -> (artifact id: '12600a79de184d7e7250e53e74390120') in 0.025888 seconds
  Import took 0.030384 seconds .

========================================================================
Received Import Request.
  Time since last request: 0.003745 seconds.
  path: Assets/Sphere.prefab
  artifactKey: Guid(7eb5626de48c757469dba9a0cf52a92c) Importer(815301076,1909f56bfc062723c751e8b465ee728b)
Start importing Assets/Sphere.prefab using Guid(7eb5626de48c757469dba9a0cf52a92c) Importer(815301076,1909f56bfc062723c751e8b465ee728b)  -> (artifact id: '12600a79de184d7e7250e53e74390120') in 0.010286 seconds
  Import took 0.015355 seconds .

========================================================================
Received Import Request.
  Time since last request: 144.673061 seconds.
  path: Assets/myScript.cs
  artifactKey: Guid(b25ee7cedc3032f499faae3e987674f6) Importer(815301076,1909f56bfc062723c751e8b465ee728b)
Start importing Assets/myScript.cs using Guid(b25ee7cedc3032f499faae3e987674f6) Importer(815301076,1909f56bfc062723c751e8b465ee728b)  -> (artifact id: 'a7cffb1610f4f7d476b9a285256ce2b2') in 0.012371 seconds
  Import took 0.016509 seconds .

========================================================================
Received Prepare
Registering precompiled user dll's ...
Registered in 0.001205 seconds.
Begin MonoManager ReloadAssembly
Native extension for WindowsStandalone target not found
Refreshing native plugins compatible for Editor in 1.31 ms, found 0 plugins.
Preloading 0 native plugins for Editor in 0.00 ms.
Invoked RoslynAnalysisRunner static constructor.
RoslynAnalysisRunner will not be running.
RoslynAnalysisRunner has terminated.
Mono: successfully reloaded assembly
- Completed reload, in  0.972 seconds
Platform modules already initialized, skipping
Switching build target platform(5) subTarget(0) extendedPlatform(0) -> platform(13) subTarget(589824) extendedPlatform(0)
Refreshing native plugins compatible for Editor in 0.47 ms, found 0 plugins.
Preloading 0 native plugins for Editor in 0.00 ms.
Unloading 1993 Unused Serialized files (Serialized files now loaded: 0)
System memory in use before: 91.3 MB.
System memory in use after: 91.4 MB.

Unloading 16 unused Assets to reduce memory usage. Loaded Objects now: 2485.
Total: 2.304900 ms (FindLiveObjects: 0.348400 ms CreateObjectMapping: 0.107200 ms MarkObjects: 1.781800 ms  DeleteObjects: 0.066500 ms)

AssetImportParameters requested are different than current active one (requested -> active):
  custom:graphics/normal-map-encoding: 01000000000000000000000000000000 -> 02000000000000000000000000000000
========================================================================
Received Prepare
Registering precompiled user dll's ...
Registered in 0.001663 seconds.
Begin MonoManager ReloadAssembly
Native extension for WindowsStandalone target not found
Refreshing native plugins compatible for Editor in 0.44 ms, found 0 plugins.
Preloading 0 native plugins for Editor in 0.00 ms.
Invoked RoslynAnalysisRunner static constructor.
RoslynAnalysisRunner will not be running.
RoslynAnalysisRunner has terminated.
Mono: successfully reloaded assembly
- Completed reload, in  0.957 seconds
Platform modules already initialized, skipping
Switching build target platform(5) subTarget(0) extendedPlatform(0) -> platform(13) subTarget(589824) extendedPlatform(0)
Refreshing native plugins compatible for Editor in 0.65 ms, found 0 plugins.
Preloading 0 native plugins for Editor in 0.00 ms.
Unloading 1993 Unused Serialized files (Serialized files now loaded: 0)
System memory in use before: 91.5 MB.
System memory in use after: 91.6 MB.

Unloading 16 unused Assets to reduce memory usage. Loaded Objects now: 2488.
Total: 2.165900 ms (FindLiveObjects: 0.352100 ms CreateObjectMapping: 0.087200 ms MarkObjects: 1.663900 ms  DeleteObjects: 0.061900 ms)

AssetImportParameters requested are different than current active one (requested -> active):
  custom:graphics/normal-map-encoding: 01000000000000000000000000000000 -> 02000000000000000000000000000000
========================================================================
Received Import Request.
  Time since last request: 44.834391 seconds.
  path: Assets/myScripts
  artifactKey: Guid(0285addc00fc3cb448f5b180e6010cd3) Importer(815301076,1909f56bfc062723c751e8b465ee728b)
Start importing Assets/myScripts using Guid(0285addc00fc3cb448f5b180e6010cd3) Importer(815301076,1909f56bfc062723c751e8b465ee728b)  -> (artifact id: '157dbc73af7e84af37e3f7a57d516bb8') in 0.011348 seconds
  Import took 0.015167 seconds .

========================================================================
Received Import Request.
  Time since last request: 8.985284 seconds.
  path: Assets/myScripts/Ball.cs
  artifactKey: Guid(549048d61d751694788ab5e47c422f23) Importer(815301076,1909f56bfc062723c751e8b465ee728b)
Start importing Assets/myScripts/Ball.cs using Guid(549048d61d751694788ab5e47c422f23) Importer(815301076,1909f56bfc062723c751e8b465ee728b)  -> (artifact id: '5e4a9a28b9cd48b2fa4af487018a3b20') in 0.012172 seconds
  Import took 0.017501 seconds .

========================================================================
Received Prepare
Registering precompiled user dll's ...
Registered in 0.001190 seconds.
Begin MonoManager ReloadAssembly
Native extension for WindowsStandalone target not found
Refreshing native plugins compatible for Editor in 0.44 ms, found 0 plugins.
Preloading 0 native plugins for Editor in 0.00 ms.
Invoked RoslynAnalysisRunner static constructor.
RoslynAnalysisRunner will not be running.
RoslynAnalysisRunner has terminated.
Mono: successfully reloaded assembly
- Completed reload, in  0.914 seconds
Platform modules already initialized, skipping
Switching build target platform(5) subTarget(0) extendedPlatform(0) -> platform(13) subTarget(589824) extendedPlatform(0)
Refreshing native plugins compatible for Editor in 0.45 ms, found 0 plugins.
Preloading 0 native plugins for Editor in 0.00 ms.
Unloading 1994 Unused Serialized files (Serialized files now loaded: 0)
System memory in use before: 91.5 MB.
System memory in use after: 91.6 MB.

Unloading 15 unused Assets to reduce memory usage. Loaded Objects now: 2493.
Total: 2.200400 ms (FindLiveObjects: 0.367500 ms CreateObjectMapping: 0.096700 ms MarkObjects: 1.670500 ms  DeleteObjects: 0.064800 ms)

AssetImportParameters requested are different than current active one (requested -> active):
  custom:graphics/normal-map-encoding: 01000000000000000000000000000000 -> 02000000000000000000000000000000
========================================================================
Received Prepare
Registering precompiled user dll's ...
Registered in 0.001304 seconds.
Begin MonoManager ReloadAssembly
Native extension for WindowsStandalone target not found
Refreshing native plugins compatible for Editor in 0.44 ms, found 0 plugins.
Preloading 0 native plugins for Editor in 0.00 ms.
Invoked RoslynAnalysisRunner static constructor.
RoslynAnalysisRunner will not be running.
RoslynAnalysisRunner has terminated.
Mono: successfully reloaded assembly
- Completed reload, in  0.914 seconds
Platform modules already initialized, skipping
Switching build target platform(5) subTarget(0) extendedPlatform(0) -> platform(13) subTarget(589824) extendedPlatform(0)
Refreshing native plugins compatible for Editor in 0.43 ms, found 0 plugins.
Preloading 0 native plugins for Editor in 0.00 ms.
Unloading 1994 Unused Serialized files (Serialized files now loaded: 0)
System memory in use before: 91.5 MB.
System memory in use after: 91.6 MB.

Unloading 15 unused Assets to reduce memory usage. Loaded Objects now: 2497.
Total: 1.911000 ms (FindLiveObjects: 0.275900 ms CreateObjectMapping: 0.074500 ms MarkObjects: 1.527900 ms  DeleteObjects: 0.031800 ms)

AssetImportParameters requested are different than current active one (requested -> active):
  custom:graphics/normal-map-encoding: 01000000000000000000000000000000 -> 02000000000000000000000000000000
========================================================================
Received Prepare
Registering precompiled user dll's ...
Registered in 0.000954 seconds.
Begin MonoManager ReloadAssembly
Native extension for WindowsStandalone target not found
Refreshing native plugins compatible for Editor in 0.44 ms, found 0 plugins.
Preloading 0 native plugins for Editor in 0.00 ms.
Invoked RoslynAnalysisRunner static constructor.
RoslynAnalysisRunner will not be running.
RoslynAnalysisRunner has terminated.
Mono: successfully reloaded assembly
- Completed reload, in  0.953 seconds
Platform modules already initialized, skipping
Switching build target platform(5) subTarget(0) extendedPlatform(0) -> platform(13) subTarget(589824) extendedPlatform(0)
Refreshing native plugins compatible for Editor in 0.43 ms, found 0 plugins.
Preloading 0 native plugins for Editor in 0.00 ms.
Unloading 1994 Unused Serialized files (Serialized files now loaded: 0)
System memory in use before: 91.5 MB.
System memory in use after: 91.6 MB.

Unloading 15 unused Assets to reduce memory usage. Loaded Objects now: 2501.
Total: 2.418500 ms (FindLiveObjects: 0.408600 ms CreateObjectMapping: 0.128000 ms MarkObjects: 1.817100 ms  DeleteObjects: 0.063800 ms)

AssetImportParameters requested are different than current active one (requested -> active):
  custom:graphics/normal-map-encoding: 01000000000000000000000000000000 -> 02000000000000000000000000000000
========================================================================
Received Prepare
Registering precompiled user dll's ...
Registered in 0.001563 seconds.
Begin MonoManager ReloadAssembly
Native extension for WindowsStandalone target not found
Refreshing native plugins compatible for Editor in 0.45 ms, found 0 plugins.
Preloading 0 native plugins for Editor in 0.00 ms.
Invoked RoslynAnalysisRunner static constructor.
RoslynAnalysisRunner will not be running.
RoslynAnalysisRunner has terminated.
Mono: successfully reloaded assembly
- Completed reload, in  0.930 seconds
Platform modules already initialized, skipping
Switching build target platform(5) subTarget(0) extendedPlatform(0) -> platform(13) subTarget(589824) extendedPlatform(0)
Refreshing native plugins compatible for Editor in 0.44 ms, found 0 plugins.
Preloading 0 native plugins for Editor in 0.00 ms.
Unloading 1994 Unused Serialized files (Serialized files now loaded: 0)
System memory in use before: 91.5 MB.
System memory in use after: 91.6 MB.

Unloading 15 unused Assets to reduce memory usage. Loaded Objects now: 2505.
Total: 2.079900 ms (FindLiveObjects: 0.266500 ms CreateObjectMapping: 0.071800 ms MarkObjects: 1.677200 ms  DeleteObjects: 0.063400 ms)

AssetImportParameters requested are different than current active one (requested -> active):
  custom:graphics/normal-map-encoding: 01000000000000000000000000000000 -> 02000000000000000000000000000000
========================================================================
Received Prepare
Registering precompiled user dll's ...
Registered in 0.000772 seconds.
Begin MonoManager ReloadAssembly
Native extension for WindowsStandalone target not found
Refreshing native plugins compatible for Editor in 0.44 ms, found 0 plugins.
Preloading 0 native plugins for Editor in 0.00 ms.
Invoked RoslynAnalysisRunner static constructor.
RoslynAnalysisRunner will not be running.
RoslynAnalysisRunner has terminated.
Mono: successfully reloaded assembly
- Completed reload, in  0.856 seconds
Platform modules already initialized, skipping
Switching build target platform(5) subTarget(0) extendedPlatform(0) -> platform(13) subTarget(589824) extendedPlatform(0)
Refreshing native plugins compatible for Editor in 0.67 ms, found 0 plugins.
Preloading 0 native plugins for Editor in 0.00 ms.
Unloading 1994 Unused Serialized files (Serialized files now loaded: 0)
System memory in use before: 91.6 MB.
System memory in use after: 91.7 MB.

Unloading 15 unused Assets to reduce memory usage. Loaded Objects now: 2509.
Total: 2.254200 ms (FindLiveObjects: 0.201900 ms CreateObjectMapping: 0.087500 ms MarkObjects: 1.898900 ms  DeleteObjects: 0.065000 ms)

AssetImportParameters requested are different than current active one (requested -> active):
  custom:graphics/normal-map-encoding: 01000000000000000000000000000000 -> 02000000000000000000000000000000
========================================================================
Received Prepare
Registering precompiled user dll's ...
Registered in 0.000760 seconds.
Begin MonoManager ReloadAssembly
Native extension for WindowsStandalone target not found
Refreshing native plugins compatible for Editor in 0.44 ms, found 0 plugins.
Preloading 0 native plugins for Editor in 0.00 ms.
Invoked RoslynAnalysisRunner static constructor.
RoslynAnalysisRunner will not be running.
RoslynAnalysisRunner has terminated.
Mono: successfully reloaded assembly
- Completed reload, in  0.857 seconds
Platform modules already initialized, skipping
Switching build target platform(5) subTarget(0) extendedPlatform(0) -> platform(13) subTarget(589824) extendedPlatform(0)
Refreshing native plugins compatible for Editor in 0.45 ms, found 0 plugins.
Preloading 0 native plugins for Editor in 0.00 ms.
Unloading 1994 Unused Serialized files (Serialized files now loaded: 0)
System memory in use before: 91.6 MB.
System memory in use after: 91.7 MB.

Unloading 15 unused Assets to reduce memory usage. Loaded Objects now: 2513.
Total: 2.224200 ms (FindLiveObjects: 0.397200 ms CreateObjectMapping: 0.118600 ms MarkObjects: 1.623700 ms  DeleteObjects: 0.084000 ms)

AssetImportParameters requested are different than current active one (requested -> active):
  custom:graphics/normal-map-encoding: 01000000000000000000000000000000 -> 02000000000000000000000000000000
========================================================================
Received Prepare
Registering precompiled user dll's ...
Registered in 0.000772 seconds.
Begin MonoManager ReloadAssembly
Native extension for WindowsStandalone target not found
Refreshing native plugins compatible for Editor in 0.44 ms, found 0 plugins.
Preloading 0 native plugins for Editor in 0.00 ms.
Invoked RoslynAnalysisRunner static constructor.
RoslynAnalysisRunner will not be running.
RoslynAnalysisRunner has terminated.
Mono: successfully reloaded assembly
- Completed reload, in  0.877 seconds
Platform modules already initialized, skipping
Switching build target platform(5) subTarget(0) extendedPlatform(0) -> platform(13) subTarget(589824) extendedPlatform(0)
Refreshing native plugins compatible for Editor in 0.57 ms, found 0 plugins.
Preloading 0 native plugins for Editor in 0.00 ms.
Unloading 1994 Unused Serialized files (Serialized files now loaded: 0)
System memory in use before: 91.6 MB.
System memory in use after: 91.7 MB.

Unloading 15 unused Assets to reduce memory usage. Loaded Objects now: 2517.
Total: 2.427300 ms (FindLiveObjects: 0.271800 ms CreateObjectMapping: 0.079700 ms MarkObjects: 2.007400 ms  DeleteObjects: 0.067500 ms)

AssetImportParameters requested are different than current active one (requested -> active):
  custom:graphics/normal-map-encoding: 01000000000000000000000000000000 -> 02000000000000000000000000000000
========================================================================
Received Prepare
Registering precompiled user dll's ...
Registered in 0.001302 seconds.
Begin MonoManager ReloadAssembly
Native extension for WindowsStandalone target not found
Refreshing native plugins compatible for Editor in 0.53 ms, found 0 plugins.
Preloading 0 native plugins for Editor in 0.00 ms.
Invoked RoslynAnalysisRunner static constructor.
RoslynAnalysisRunner will not be running.
RoslynAnalysisRunner has terminated.
Mono: successfully reloaded assembly
- Completed reload, in  0.967 seconds
Platform modules already initialized, skipping
Switching build target platform(5) subTarget(0) extendedPlatform(0) -> platform(13) subTarget(589824) extendedPlatform(0)
Refreshing native plugins compatible for Editor in 0.60 ms, found 0 plugins.
Preloading 0 native plugins for Editor in 0.00 ms.
Unloading 1994 Unused Serialized files (Serialized files now loaded: 0)
System memory in use before: 91.6 MB.
System memory in use after: 91.7 MB.

Unloading 15 unused Assets to reduce memory usage. Loaded Objects now: 2521.
Total: 2.634700 ms (FindLiveObjects: 0.559400 ms CreateObjectMapping: 0.086200 ms MarkObjects: 1.902500 ms  DeleteObjects: 0.064600 ms)

AssetImportParameters requested are different than current active one (requested -> active):
  custom:graphics/normal-map-encoding: 01000000000000000000000000000000 -> 02000000000000000000000000000000
========================================================================
Received Prepare
Registering precompiled user dll's ...
Registered in 0.000998 seconds.
Begin MonoManager ReloadAssembly
Native extension for WindowsStandalone target not found
Refreshing native plugins compatible for Editor in 0.47 ms, found 0 plugins.
Preloading 0 native plugins for Editor in 0.00 ms.
Invoked RoslynAnalysisRunner static constructor.
RoslynAnalysisRunner will not be running.
RoslynAnalysisRunner has terminated.
Mono: successfully reloaded assembly
- Completed reload, in  0.992 seconds
Platform modules already initialized, skipping
Switching build target platform(5) subTarget(0) extendedPlatform(0) -> platform(13) subTarget(589824) extendedPlatform(0)
Refreshing native plugins compatible for Editor in 0.44 ms, found 0 plugins.
Preloading 0 native plugins for Editor in 0.00 ms.
Unloading 1994 Unused Serialized files (Serialized files now loaded: 0)
System memory in use before: 91.6 MB.
System memory in use after: 91.7 MB.

Unloading 15 unused Assets to reduce memory usage. Loaded Objects now: 2525.
Total: 2.577600 ms (FindLiveObjects: 0.373100 ms CreateObjectMapping: 0.286100 ms MarkObjects: 1.883900 ms  DeleteObjects: 0.033600 ms)

AssetImportParameters requested are different than current active one (requested -> active):
  custom:graphics/normal-map-encoding: 01000000000000000000000000000000 -> 02000000000000000000000000000000
========================================================================
Received Prepare
Registering precompiled user dll's ...
Registered in 0.000839 seconds.
Begin MonoManager ReloadAssembly
Native extension for WindowsStandalone target not found
Refreshing native plugins compatible for Editor in 0.82 ms, found 0 plugins.
Preloading 0 native plugins for Editor in 0.00 ms.
Invoked RoslynAnalysisRunner static constructor.
RoslynAnalysisRunner will not be running.
RoslynAnalysisRunner has terminated.
Mono: successfully reloaded assembly
- Completed reload, in  0.857 seconds
Platform modules already initialized, skipping
Switching build target platform(5) subTarget(0) extendedPlatform(0) -> platform(13) subTarget(589824) extendedPlatform(0)
Refreshing native plugins compatible for Editor in 0.45 ms, found 0 plugins.
Preloading 0 native plugins for Editor in 0.00 ms.
Unloading 1994 Unused Serialized files (Serialized files now loaded: 0)
System memory in use before: 91.6 MB.
System memory in use after: 91.7 MB.

Unloading 15 unused Assets to reduce memory usage. Loaded Objects now: 2529.
Total: 2.031900 ms (FindLiveObjects: 0.217900 ms CreateObjectMapping: 0.079200 ms MarkObjects: 1.670300 ms  DeleteObjects: 0.063500 ms)

AssetImportParameters requested are different than current active one (requested -> active):
  custom:graphics/normal-map-encoding: 01000000000000000000000000000000 -> 02000000000000000000000000000000
========================================================================
Received Import Request.
  Time since last request: 571.073603 seconds.
  path: ProjectSettings/TagManager.asset
  artifactKey: Guid(00000000000000003000000000000000) Importer(815301076,1909f56bfc062723c751e8b465ee728b)
Start importing ProjectSettings/TagManager.asset using Guid(00000000000000003000000000000000) Importer(815301076,1909f56bfc062723c751e8b465ee728b)  -> (artifact id: 'a4b15204fb8ad58810e8effc250bbdbf') in 0.019059 seconds
  Import took 0.023310 seconds .

========================================================================
Received Import Request.
  Time since last request: 4.928672 seconds.
  path: ProjectSettings/TagManager.asset
  artifactKey: Guid(00000000000000003000000000000000) Importer(815301076,1909f56bfc062723c751e8b465ee728b)
Start importing ProjectSettings/TagManager.asset using Guid(00000000000000003000000000000000) Importer(815301076,1909f56bfc062723c751e8b465ee728b)  -> (artifact id: '5d8b278ee47b0a86394aec99031813fa') in 0.004245 seconds
  Import took 0.009101 seconds .

========================================================================
Received Prepare
Refreshing native plugins compatible for Editor in 2.98 ms, found 0 plugins.
Preloading 0 native plugins for Editor in 0.00 ms.
Unloading 12 Unused Serialized files (Serialized files now loaded: 0)
System memory in use before: 52.6 MB.
System memory in use after: 52.7 MB.

Unloading 13 unused Assets to reduce memory usage. Loaded Objects now: 2530.
Total: 2.643300 ms (FindLiveObjects: 0.271100 ms CreateObjectMapping: 0.079900 ms MarkObjects: 2.276300 ms  DeleteObjects: 0.015300 ms)

========================================================================
Received Prepare
Registering precompiled user dll's ...
Registered in 0.000984 seconds.
Begin MonoManager ReloadAssembly
Native extension for WindowsStandalone target not found
Refreshing native plugins compatible for Editor in 0.98 ms, found 0 plugins.
Preloading 0 native plugins for Editor in 0.00 ms.
Invoked RoslynAnalysisRunner static constructor.
RoslynAnalysisRunner will not be running.
RoslynAnalysisRunner has terminated.
Mono: successfully reloaded assembly
- Completed reload, in  1.156 seconds
Platform modules already initialized, skipping
Switching build target platform(5) subTarget(0) extendedPlatform(0) -> platform(13) subTarget(589824) extendedPlatform(0)
Refreshing native plugins compatible for Editor in 0.45 ms, found 0 plugins.
Preloading 0 native plugins for Editor in 0.00 ms.
Unloading 1993 Unused Serialized files (Serialized files now loaded: 0)
System memory in use before: 91.5 MB.
System memory in use after: 91.6 MB.

Unloading 14 unused Assets to reduce memory usage. Loaded Objects now: 2534.
Total: 2.025000 ms (FindLiveObjects: 0.226500 ms CreateObjectMapping: 0.081400 ms MarkObjects: 1.701100 ms  DeleteObjects: 0.015100 ms)

AssetImportParameters requested are different than current active one (requested -> active):
  custom:graphics/normal-map-encoding: 01000000000000000000000000000000 -> 02000000000000000000000000000000
========================================================================
Received Import Request.
  Time since last request: 456.865322 seconds.
  path: Assets/myPrefabs/Sphere.prefab
  artifactKey: Guid(7eb5626de48c757469dba9a0cf52a92c) Importer(815301076,1909f56bfc062723c751e8b465ee728b)
Start importing Assets/myPrefabs/Sphere.prefab using Guid(7eb5626de48c757469dba9a0cf52a92c) Importer(815301076,1909f56bfc062723c751e8b465ee728b)  -> (artifact id: 'c548a5641ae4b8a0d2309160ab054133') in 0.261513 seconds
  Import took 0.265187 seconds .

========================================================================
Received Prepare
Registering precompiled user dll's ...
Registered in 0.001006 seconds.
Begin MonoManager ReloadAssembly
Native extension for WindowsStandalone target not found
Refreshing native plugins compatible for Editor in 0.46 ms, found 0 plugins.
Preloading 0 native plugins for Editor in 0.00 ms.
Invoked RoslynAnalysisRunner static constructor.
RoslynAnalysisRunner will not be running.
RoslynAnalysisRunner has terminated.
Mono: successfully reloaded assembly
- Completed reload, in  1.010 seconds
Platform modules already initialized, skipping
Switching build target platform(5) subTarget(0) extendedPlatform(0) -> platform(13) subTarget(589824) extendedPlatform(0)
Refreshing native plugins compatible for Editor in 0.45 ms, found 0 plugins.
Preloading 0 native plugins for Editor in 0.00 ms.
Unloading 1993 Unused Serialized files (Serialized files now loaded: 0)
System memory in use before: 91.5 MB.
System memory in use after: 91.6 MB.

Unloading 15 unused Assets to reduce memory usage. Loaded Objects now: 2539.
Total: 2.290200 ms (FindLiveObjects: 0.321000 ms CreateObjectMapping: 0.091700 ms MarkObjects: 1.858600 ms  DeleteObjects: 0.017900 ms)

AssetImportParameters requested are different than current active one (requested -> active):
  custom:graphics/normal-map-encoding: 01000000000000000000000000000000 -> 02000000000000000000000000000000
========================================================================
Received Import Request.
  Time since last request: 419.275864 seconds.
  path: Assets/myPrefabs/Sphere.prefab
  artifactKey: Guid(7eb5626de48c757469dba9a0cf52a92c) Importer(815301076,1909f56bfc062723c751e8b465ee728b)
Start importing Assets/myPrefabs/Sphere.prefab using Guid(7eb5626de48c757469dba9a0cf52a92c) Importer(815301076,1909f56bfc062723c751e8b465ee728b)  -> (artifact id: '35b5c266b805f2e947fbc40c16d25194') in 0.070420 seconds
  Import took 0.078639 seconds .

========================================================================
Received Prepare
Registering precompiled user dll's ...
Registered in 0.000899 seconds.
Begin MonoManager ReloadAssembly
Native extension for WindowsStandalone target not found
Refreshing native plugins compatible for Editor in 0.45 ms, found 0 plugins.
Preloading 0 native plugins for Editor in 0.00 ms.
Invoked RoslynAnalysisRunner static constructor.
RoslynAnalysisRunner will not be running.
RoslynAnalysisRunner has terminated.
Mono: successfully reloaded assembly
- Completed reload, in  1.080 seconds
Platform modules already initialized, skipping
Switching build target platform(5) subTarget(0) extendedPlatform(0) -> platform(13) subTarget(589824) extendedPlatform(0)
Refreshing native plugins compatible for Editor in 0.42 ms, found 0 plugins.
Preloading 0 native plugins for Editor in 0.00 ms.
Unloading 1993 Unused Serialized files (Serialized files now loaded: 0)
System memory in use before: 91.5 MB.
System memory in use after: 91.6 MB.

Unloading 15 unused Assets to reduce memory usage. Loaded Objects now: 2544.
Total: 2.087700 ms (FindLiveObjects: 0.260100 ms CreateObjectMapping: 0.071100 ms MarkObjects: 1.718600 ms  DeleteObjects: 0.017800 ms)

AssetImportParameters requested are different than current active one (requested -> active):
  custom:graphics/normal-map-encoding: 01000000000000000000000000000000 -> 02000000000000000000000000000000
AssetImportWorkerClient::OnTransportError - code=2 error=End of file
